[debug] [2023-12-26T03:19:08.821Z] ----------------------------------------------------------------------
[debug] [2023-12-26T03:19:08.824Z] Command:       C:\Program Files\nodejs\node.exe C:\Users\17034\AppData\Roaming\npm\node_modules\firebase-tools\lib\bin\firebase.js emulators:start
[debug] [2023-12-26T03:19:08.824Z] CLI Version:   13.0.2
[debug] [2023-12-26T03:19:08.825Z] Platform:      win32
[debug] [2023-12-26T03:19:08.825Z] Node Version:  v18.18.2
[debug] [2023-12-26T03:19:08.828Z] Time:          Mon Dec 25 2023 22:19:08 GMT-0500 (Eastern Standard Time)
[debug] [2023-12-26T03:19:08.828Z] ----------------------------------------------------------------------
[debug] 
[debug] [2023-12-26T03:19:09.047Z] > command requires scopes: ["email","openid","https://www.googleapis.com/auth/cloudplatformprojects.readonly","https://www.googleapis.com/auth/firebase","https://www.googleapis.com/auth/cloud-platform"]
[debug] [2023-12-26T03:19:09.048Z] > authorizing via signed-in user (tirsit527@gmail.com)
[info] i  emulators: Starting emulators: functions {"metadata":{"emulator":{"name":"hub"},"message":"Starting emulators: functions"}}
[debug] [2023-12-26T03:19:09.067Z] [logging] Logging Emulator only supports listening on one address (127.0.0.1). Not listening on ::1
[warn] !  ui: Emulator UI unable to start on port 4000, starting on 4004 instead. {"metadata":{"emulator":{"name":"ui"},"message":"Emulator UI unable to start on port 4000, starting on 4004 instead."}}
[debug] [2023-12-26T03:19:09.072Z] assigned listening specs for emulators {"user":{"hub":[{"address":"127.0.0.1","family":"IPv4","port":4400},{"address":"::1","family":"IPv6","port":4400}],"logging":[{"address":"127.0.0.1","family":"IPv4","port":4500}],"ui":[{"address":"127.0.0.1","family":"IPv4","port":4004},{"address":"::1","family":"IPv6","port":4004}]},"metadata":{"message":"assigned listening specs for emulators"}}
[debug] [2023-12-26T03:19:09.135Z] [hub] writing locator at C:\Users\17034\AppData\Local\Temp\hub-me-7fd6c.json
[debug] [2023-12-26T03:19:09.208Z] [functions] Functions Emulator only supports listening on one address (127.0.0.1). Not listening on ::1
[debug] [2023-12-26T03:19:09.208Z] [eventarc] Eventarc Emulator only supports listening on one address (127.0.0.1). Not listening on ::1
[debug] [2023-12-26T03:19:09.209Z] late-assigned ports for functions and eventarc emulators {"user":{"hub":[{"address":"127.0.0.1","family":"IPv4","port":4400},{"address":"::1","family":"IPv6","port":4400}],"logging":[{"address":"127.0.0.1","family":"IPv4","port":4500}],"ui":[{"address":"127.0.0.1","family":"IPv4","port":4004},{"address":"::1","family":"IPv6","port":4004}],"functions":[{"address":"127.0.0.1","family":"IPv4","port":5001}],"eventarc":[{"address":"127.0.0.1","family":"IPv4","port":9299}]},"metadata":{"message":"late-assigned ports for functions and eventarc emulators"}}
[warn] !  functions: The following emulators are not running, calls to these services from the Functions emulator will affect production: auth, firestore, database, hosting, pubsub, storage {"metadata":{"emulator":{"name":"functions"},"message":"The following emulators are not running, calls to these services from the Functions emulator will affect production: \u001b[1mauth, firestore, database, hosting, pubsub, storage\u001b[22m"}}
[debug] [2023-12-26T03:19:09.215Z] defaultcredentials: writing to file C:\Users\17034\AppData\Roaming\firebase\tirsit527_gmail_com_application_default_credentials.json
[debug] [2023-12-26T03:19:09.250Z] Setting GAC to C:\Users\17034\AppData\Roaming\firebase\tirsit527_gmail_com_application_default_credentials.json {"metadata":{"emulator":{"name":"functions"},"message":"Setting GAC to C:\\Users\\17034\\AppData\\Roaming\\firebase\\tirsit527_gmail_com_application_default_credentials.json"}}
[debug] [2023-12-26T03:19:09.253Z] > refreshing access token with scopes: []
[debug] [2023-12-26T03:19:09.256Z] >>> [apiv2][query] POST https://www.googleapis.com/oauth2/v3/token [none]
[debug] [2023-12-26T03:19:09.257Z] >>> [apiv2][body] POST https://www.googleapis.com/oauth2/v3/token [omitted]
[debug] [2023-12-26T03:19:09.382Z] <<< [apiv2][status] POST https://www.googleapis.com/oauth2/v3/token 200
[debug] [2023-12-26T03:19:09.382Z] <<< [apiv2][body] POST https://www.googleapis.com/oauth2/v3/token [omitted]
[debug] [2023-12-26T03:19:09.393Z] >>> [apiv2][query] GET https://firebase.googleapis.com/v1beta1/projects/me-7fd6c/adminSdkConfig [none]
[debug] [2023-12-26T03:19:09.709Z] <<< [apiv2][status] GET https://firebase.googleapis.com/v1beta1/projects/me-7fd6c/adminSdkConfig 200
[debug] [2023-12-26T03:19:09.710Z] <<< [apiv2][body] GET https://firebase.googleapis.com/v1beta1/projects/me-7fd6c/adminSdkConfig {"projectId":"me-7fd6c","storageBucket":"me-7fd6c.appspot.com"}
[debug] [2023-12-26T03:19:09.748Z] Ignoring unsupported arg: auto_download {"metadata":{"emulator":{"name":"ui"},"message":"Ignoring unsupported arg: auto_download"}}
[debug] [2023-12-26T03:19:09.749Z] Ignoring unsupported arg: port {"metadata":{"emulator":{"name":"ui"},"message":"Ignoring unsupported arg: port"}}
[debug] [2023-12-26T03:19:09.749Z] Starting Emulator UI with command {"binary":"node","args":["C:\\Users\\17034\\.cache\\firebase\\emulators\\ui-v1.11.7\\server\\server.js"],"optionalArgs":[],"joinArgs":false} {"metadata":{"emulator":{"name":"ui"},"message":"Starting Emulator UI with command {\"binary\":\"node\",\"args\":[\"C:\\\\Users\\\\17034\\\\.cache\\\\firebase\\\\emulators\\\\ui-v1.11.7\\\\server\\\\server.js\"],\"optionalArgs\":[],\"joinArgs\":false}"}}
[info] i  ui: Emulator UI logging to ui-debug.log {"metadata":{"emulator":{"name":"ui"},"message":"Emulator UI logging to \u001b[1mui-debug.log\u001b[22m"}}
[debug] [2023-12-26T03:19:10.127Z] Web / API server started at 127.0.0.1:4004
 {"metadata":{"emulator":{"name":"ui"},"message":"Web / API server started at 127.0.0.1:4004\n"}}
[debug] [2023-12-26T03:19:10.127Z] Web / API server started at ::1:4004
 {"metadata":{"emulator":{"name":"ui"},"message":"Web / API server started at ::1:4004\n"}}
[info] i  functions: Watching "C:\Users\17034\Desktop\Evangadi-Network\Phase 4Amazon\amazon-celon\my-app\functions" for Cloud Functions... {"metadata":{"emulator":{"name":"functions"},"message":"Watching \"C:\\Users\\17034\\Desktop\\Evangadi-Network\\Phase 4Amazon\\amazon-celon\\my-app\\functions\" for Cloud Functions..."}}
[debug] [2023-12-26T03:19:10.349Z] Validating nodejs source
[debug] [2023-12-26T03:19:14.688Z] > [functions] package.json contents: {
  "name": "functions",
  "description": "Cloud Functions for Firebase",
  "scripts": {
    "lint": "eslint .",
    "serve": "firebase emulators:start --only functions",
    "shell": "firebase functions:shell",
    "start": "npm run shell",
    "deploy": "firebase deploy --only functions",
    "logs": "firebase functions:log"
  },
  "engines": {
    "node": "18"
  },
  "main": "index.js",
  "dependencies": {
    "cors": "^2.8.5",
    "course": "^0.0.1",
    "express": "^4.18.2",
    "firebase-admin": "^12.0.0",
    "firebase-functions": "^4.5.0",
    "stripe": "^14.9.0"
  },
  "devDependencies": {
    "eslint": "^8.15.0",
    "eslint-config-google": "^0.14.0",
    "firebase-functions-test": "^3.1.0"
  },
  "private": true
}
[debug] [2023-12-26T03:19:14.688Z] Building nodejs source
[debug] [2023-12-26T03:19:14.689Z] Failed to find version of module node: reached end of search path C:\Users\17034\Desktop\Evangadi-Network\Phase 4Amazon\amazon-celon\my-app\functions\node_modules
[info] +  functions: Using node@18 from host. 
[debug] [2023-12-26T03:19:14.691Z] Could not find functions.yaml. Must use http discovery
[debug] [2023-12-26T03:19:14.703Z] Found firebase-functions binary at 'C:\Users\17034\Desktop\Evangadi-Network\Phase 4Amazon\amazon-celon\my-app\functions\node_modules\.bin\firebase-functions'
[info] Serving at port 8851

[debug] [2023-12-26T03:19:17.120Z] Got response from /__/functions.yaml {"endpoints":{"api":{"platform":"gcfv1","availableMemoryMb":null,"timeoutSeconds":null,"minInstances":null,"maxInstances":null,"ingressSettings":null,"serviceAccountEmail":null,"vpc":null,"httpsTrigger":{},"entryPoint":"api"}},"specVersion":"v1alpha1","requiredAPIs":[]}
[info] +  functions: Loaded functions definitions from source: api. {"metadata":{"emulator":{"name":"functions"},"message":"Loaded functions definitions from source: api."}}
[info] +  functions[us-central1-api]: http function initialized (http://127.0.0.1:5001/me-7fd6c/us-central1/api). {"metadata":{"emulator":{"name":"functions"},"message":"\u001b[1mhttp\u001b[22m function initialized (http://127.0.0.1:5001/me-7fd6c/us-central1/api)."}}
[info] 
┌─────────────────────────────────────────────────────────────┐
│ ✔  All emulators ready! It is now safe to connect your app. │
│ i  View Emulator UI at http://127.0.0.1:4004/               │
└─────────────────────────────────────────────────────────────┘

┌───────────┬────────────────┬─────────────────────────────────┐
│ Emulator  │ Host:Port      │ View in Emulator UI             │
├───────────┼────────────────┼─────────────────────────────────┤
│ Functions │ 127.0.0.1:5001 │ http://127.0.0.1:4004/functions │
└───────────┴────────────────┴─────────────────────────────────┘
  Emulator Hub running at 127.0.0.1:4400
  Other reserved ports: 4500

Issues? Report them at https://github.com/firebase/firebase-tools/issues and attach the *-debug.log files.
 
[debug] [2023-12-26T03:19:45.996Z] [work-queue] {"queuedWork":["/me-7fd6c/us-central1/api/payments/create-2023-12-26T03:19:45.996Z"],"queueLength":1,"runningWork":[],"workRunningCount":0}
[debug] [2023-12-26T03:19:45.998Z] [work-queue] {"queuedWork":[],"queueLength":0,"runningWork":["/me-7fd6c/us-central1/api/payments/create-2023-12-26T03:19:45.996Z"],"workRunningCount":1}
[debug] [2023-12-26T03:19:45.999Z] Accepted request POST /me-7fd6c/us-central1/api/payments/create?total=1696 --> us-central1-api
[debug] [2023-12-26T03:19:46.005Z] [functions] Runtime ready! Sending request! {"metadata":{"emulator":{"name":"functions"},"message":"[functions] Runtime ready! Sending request!"}}
[debug] [2023-12-26T03:19:46.007Z] [functions] Got req.url=/me-7fd6c/us-central1/api/payments/create?total=1696, mapping to path=/payments/create?total=1696 {"metadata":{"emulator":{"name":"functions"},"message":"[functions] Got req.url=/me-7fd6c/us-central1/api/payments/create?total=1696, mapping to path=/payments/create?total=1696"}}
[debug] [2023-12-26T03:19:46.029Z] [worker-pool] addWorker(us-central1-api) {"metadata":{"emulator":{"name":"functions"},"message":"[worker-pool] addWorker(us-central1-api)"}}
[debug] [2023-12-26T03:19:46.030Z] [worker-pool] Adding worker with key us-central1-api, total=1 {"metadata":{"emulator":{"name":"functions"},"message":"[worker-pool] Adding worker with key us-central1-api, total=1"}}
[debug] [2023-12-26T03:19:46.034Z] [work-queue] {"queuedWork":["/me-7fd6c/us-central1/api/payments/create-2023-12-26T03:19:46.034Z"],"queueLength":1,"runningWork":["/me-7fd6c/us-central1/api/payments/create-2023-12-26T03:19:45.996Z"],"workRunningCount":1}
[debug] [2023-12-26T03:19:46.034Z] [work-queue] {"queuedWork":[],"queueLength":0,"runningWork":["/me-7fd6c/us-central1/api/payments/create-2023-12-26T03:19:45.996Z","/me-7fd6c/us-central1/api/payments/create-2023-12-26T03:19:46.034Z"],"workRunningCount":2}
[debug] [2023-12-26T03:19:46.034Z] Accepted request POST /me-7fd6c/us-central1/api/payments/create?total=1696 --> us-central1-api
[debug] [2023-12-26T03:19:46.039Z] [functions] Runtime ready! Sending request! {"metadata":{"emulator":{"name":"functions"},"message":"[functions] Runtime ready! Sending request!"}}
[debug] [2023-12-26T03:19:46.039Z] [functions] Got req.url=/me-7fd6c/us-central1/api/payments/create?total=1696, mapping to path=/payments/create?total=1696 {"metadata":{"emulator":{"name":"functions"},"message":"[functions] Got req.url=/me-7fd6c/us-central1/api/payments/create?total=1696, mapping to path=/payments/create?total=1696"}}
[debug] [2023-12-26T03:19:46.097Z] [worker-pool] addWorker(us-central1-api) {"metadata":{"emulator":{"name":"functions"},"message":"[worker-pool] addWorker(us-central1-api)"}}
[debug] [2023-12-26T03:19:46.098Z] [worker-pool] Adding worker with key us-central1-api, total=2 {"metadata":{"emulator":{"name":"functions"},"message":"[worker-pool] Adding worker with key us-central1-api, total=2"}}
[debug] [2023-12-26T03:19:50.261Z] [runtime-status] [2740] Resolved module firebase-admin {"declared":true,"installed":true,"version":"12.0.0","resolution":"C:\\Users\\17034\\Desktop\\Evangadi-Network\\Phase 4Amazon\\amazon-celon\\my-app\\functions\\node_modules\\firebase-admin\\lib\\index.js"} {"metadata":{"emulator":{"name":"functions"},"function":{"name":"us-central1-api"},"extension":{},"message":"[runtime-status] [2740] Resolved module firebase-admin {\"declared\":true,\"installed\":true,\"version\":\"12.0.0\",\"resolution\":\"C:\\\\Users\\\\17034\\\\Desktop\\\\Evangadi-Network\\\\Phase 4Amazon\\\\amazon-celon\\\\my-app\\\\functions\\\\node_modules\\\\firebase-admin\\\\lib\\\\index.js\"}"}}
[debug] [2023-12-26T03:19:50.262Z] [runtime-status] [2740] Resolved module firebase-functions {"declared":true,"installed":true,"version":"4.5.0","resolution":"C:\\Users\\17034\\Desktop\\Evangadi-Network\\Phase 4Amazon\\amazon-celon\\my-app\\functions\\node_modules\\firebase-functions\\lib\\v1\\index.js"} {"metadata":{"emulator":{"name":"functions"},"function":{"name":"us-central1-api"},"extension":{},"message":"[runtime-status] [2740] Resolved module firebase-functions {\"declared\":true,\"installed\":true,\"version\":\"4.5.0\",\"resolution\":\"C:\\\\Users\\\\17034\\\\Desktop\\\\Evangadi-Network\\\\Phase 4Amazon\\\\amazon-celon\\\\my-app\\\\functions\\\\node_modules\\\\firebase-functions\\\\lib\\\\v1\\\\index.js\"}"}}
[debug] [2023-12-26T03:19:50.262Z] [runtime-status] [2740] Outgoing network have been stubbed. [{"name":"http","status":"mocked"},{"name":"http","status":"mocked"},{"name":"https","status":"mocked"},{"name":"https","status":"mocked"},{"name":"net","status":"mocked"}] {"metadata":{"emulator":{"name":"functions"},"function":{"name":"us-central1-api"},"extension":{},"message":"[runtime-status] [2740] Outgoing network have been stubbed. [{\"name\":\"http\",\"status\":\"mocked\"},{\"name\":\"http\",\"status\":\"mocked\"},{\"name\":\"https\",\"status\":\"mocked\"},{\"name\":\"https\",\"status\":\"mocked\"},{\"name\":\"net\",\"status\":\"mocked\"}]"}}
[debug] [2023-12-26T03:19:50.263Z] [runtime-status] [2740] Resolved module firebase-functions {"declared":true,"installed":true,"version":"4.5.0","resolution":"C:\\Users\\17034\\Desktop\\Evangadi-Network\\Phase 4Amazon\\amazon-celon\\my-app\\functions\\node_modules\\firebase-functions\\lib\\v1\\index.js"} {"metadata":{"emulator":{"name":"functions"},"function":{"name":"us-central1-api"},"extension":{},"message":"[runtime-status] [2740] Resolved module firebase-functions {\"declared\":true,\"installed\":true,\"version\":\"4.5.0\",\"resolution\":\"C:\\\\Users\\\\17034\\\\Desktop\\\\Evangadi-Network\\\\Phase 4Amazon\\\\amazon-celon\\\\my-app\\\\functions\\\\node_modules\\\\firebase-functions\\\\lib\\\\v1\\\\index.js\"}"}}
[debug] [2023-12-26T03:19:50.508Z] [runtime-status] [27332] Resolved module firebase-admin {"declared":true,"installed":true,"version":"12.0.0","resolution":"C:\\Users\\17034\\Desktop\\Evangadi-Network\\Phase 4Amazon\\amazon-celon\\my-app\\functions\\node_modules\\firebase-admin\\lib\\index.js"} {"metadata":{"emulator":{"name":"functions"},"function":{"name":"us-central1-api"},"extension":{},"message":"[runtime-status] [27332] Resolved module firebase-admin {\"declared\":true,\"installed\":true,\"version\":\"12.0.0\",\"resolution\":\"C:\\\\Users\\\\17034\\\\Desktop\\\\Evangadi-Network\\\\Phase 4Amazon\\\\amazon-celon\\\\my-app\\\\functions\\\\node_modules\\\\firebase-admin\\\\lib\\\\index.js\"}"}}
[debug] [2023-12-26T03:19:50.519Z] [runtime-status] [27332] Resolved module firebase-functions {"declared":true,"installed":true,"version":"4.5.0","resolution":"C:\\Users\\17034\\Desktop\\Evangadi-Network\\Phase 4Amazon\\amazon-celon\\my-app\\functions\\node_modules\\firebase-functions\\lib\\v1\\index.js"} {"metadata":{"emulator":{"name":"functions"},"function":{"name":"us-central1-api"},"extension":{},"message":"[runtime-status] [27332] Resolved module firebase-functions {\"declared\":true,\"installed\":true,\"version\":\"4.5.0\",\"resolution\":\"C:\\\\Users\\\\17034\\\\Desktop\\\\Evangadi-Network\\\\Phase 4Amazon\\\\amazon-celon\\\\my-app\\\\functions\\\\node_modules\\\\firebase-functions\\\\lib\\\\v1\\\\index.js\"}"}}
[debug] [2023-12-26T03:19:50.531Z] [runtime-status] [27332] Outgoing network have been stubbed. [{"name":"http","status":"mocked"},{"name":"http","status":"mocked"},{"name":"https","status":"mocked"},{"name":"https","status":"mocked"},{"name":"net","status":"mocked"}] {"metadata":{"emulator":{"name":"functions"},"function":{"name":"us-central1-api"},"extension":{},"message":"[runtime-status] [27332] Outgoing network have been stubbed. [{\"name\":\"http\",\"status\":\"mocked\"},{\"name\":\"http\",\"status\":\"mocked\"},{\"name\":\"https\",\"status\":\"mocked\"},{\"name\":\"https\",\"status\":\"mocked\"},{\"name\":\"net\",\"status\":\"mocked\"}]"}}
[debug] [2023-12-26T03:19:50.535Z] [runtime-status] [27332] Resolved module firebase-functions {"declared":true,"installed":true,"version":"4.5.0","resolution":"C:\\Users\\17034\\Desktop\\Evangadi-Network\\Phase 4Amazon\\amazon-celon\\my-app\\functions\\node_modules\\firebase-functions\\lib\\v1\\index.js"} {"metadata":{"emulator":{"name":"functions"},"function":{"name":"us-central1-api"},"extension":{},"message":"[runtime-status] [27332] Resolved module firebase-functions {\"declared\":true,\"installed\":true,\"version\":\"4.5.0\",\"resolution\":\"C:\\\\Users\\\\17034\\\\Desktop\\\\Evangadi-Network\\\\Phase 4Amazon\\\\amazon-celon\\\\my-app\\\\functions\\\\node_modules\\\\firebase-functions\\\\lib\\\\v1\\\\index.js\"}"}}
[debug] [2023-12-26T03:19:51.056Z] [runtime-status] [2740] Checked functions.config() {"config":{}} {"metadata":{"emulator":{"name":"functions"},"function":{"name":"us-central1-api"},"extension":{},"message":"[runtime-status] [2740] Checked functions.config() {\"config\":{}}"}}
[debug] [2023-12-26T03:19:51.057Z] [runtime-status] [2740] firebase-functions has been stubbed. {"functionsResolution":{"declared":true,"installed":true,"version":"4.5.0","resolution":"C:\\Users\\17034\\Desktop\\Evangadi-Network\\Phase 4Amazon\\amazon-celon\\my-app\\functions\\node_modules\\firebase-functions\\lib\\v1\\index.js"}} {"metadata":{"emulator":{"name":"functions"},"function":{"name":"us-central1-api"},"extension":{},"message":"[runtime-status] [2740] firebase-functions has been stubbed. {\"functionsResolution\":{\"declared\":true,\"installed\":true,\"version\":\"4.5.0\",\"resolution\":\"C:\\\\Users\\\\17034\\\\Desktop\\\\Evangadi-Network\\\\Phase 4Amazon\\\\amazon-celon\\\\my-app\\\\functions\\\\node_modules\\\\firebase-functions\\\\lib\\\\v1\\\\index.js\"}}"}}
[debug] [2023-12-26T03:19:51.057Z] [runtime-status] [2740] Resolved module firebase-functions {"declared":true,"installed":true,"version":"4.5.0","resolution":"C:\\Users\\17034\\Desktop\\Evangadi-Network\\Phase 4Amazon\\amazon-celon\\my-app\\functions\\node_modules\\firebase-functions\\lib\\v1\\index.js"} {"metadata":{"emulator":{"name":"functions"},"function":{"name":"us-central1-api"},"extension":{},"message":"[runtime-status] [2740] Resolved module firebase-functions {\"declared\":true,\"installed\":true,\"version\":\"4.5.0\",\"resolution\":\"C:\\\\Users\\\\17034\\\\Desktop\\\\Evangadi-Network\\\\Phase 4Amazon\\\\amazon-celon\\\\my-app\\\\functions\\\\node_modules\\\\firebase-functions\\\\lib\\\\v1\\\\index.js\"}"}}
[debug] [2023-12-26T03:19:51.059Z] [runtime-status] [2740] Resolved module firebase-admin {"declared":true,"installed":true,"version":"12.0.0","resolution":"C:\\Users\\17034\\Desktop\\Evangadi-Network\\Phase 4Amazon\\amazon-celon\\my-app\\functions\\node_modules\\firebase-admin\\lib\\index.js"} {"metadata":{"emulator":{"name":"functions"},"function":{"name":"us-central1-api"},"extension":{},"message":"[runtime-status] [2740] Resolved module firebase-admin {\"declared\":true,\"installed\":true,\"version\":\"12.0.0\",\"resolution\":\"C:\\\\Users\\\\17034\\\\Desktop\\\\Evangadi-Network\\\\Phase 4Amazon\\\\amazon-celon\\\\my-app\\\\functions\\\\node_modules\\\\firebase-admin\\\\lib\\\\index.js\"}"}}
[debug] [2023-12-26T03:19:51.088Z] [runtime-status] [2740] Resolved module firebase-functions {"declared":true,"installed":true,"version":"4.5.0","resolution":"C:\\Users\\17034\\Desktop\\Evangadi-Network\\Phase 4Amazon\\amazon-celon\\my-app\\functions\\node_modules\\firebase-functions\\lib\\v1\\index.js"} {"metadata":{"emulator":{"name":"functions"},"function":{"name":"us-central1-api"},"extension":{},"message":"[runtime-status] [2740] Resolved module firebase-functions {\"declared\":true,\"installed\":true,\"version\":\"4.5.0\",\"resolution\":\"C:\\\\Users\\\\17034\\\\Desktop\\\\Evangadi-Network\\\\Phase 4Amazon\\\\amazon-celon\\\\my-app\\\\functions\\\\node_modules\\\\firebase-functions\\\\lib\\\\v1\\\\index.js\"}"}}
[debug] [2023-12-26T03:19:51.088Z] [runtime-status] [2740] firebase-admin has been stubbed. {"adminResolution":{"declared":true,"installed":true,"version":"12.0.0","resolution":"C:\\Users\\17034\\Desktop\\Evangadi-Network\\Phase 4Amazon\\amazon-celon\\my-app\\functions\\node_modules\\firebase-admin\\lib\\index.js"}} {"metadata":{"emulator":{"name":"functions"},"function":{"name":"us-central1-api"},"extension":{},"message":"[runtime-status] [2740] firebase-admin has been stubbed. {\"adminResolution\":{\"declared\":true,\"installed\":true,\"version\":\"12.0.0\",\"resolution\":\"C:\\\\Users\\\\17034\\\\Desktop\\\\Evangadi-Network\\\\Phase 4Amazon\\\\amazon-celon\\\\my-app\\\\functions\\\\node_modules\\\\firebase-admin\\\\lib\\\\index.js\"}}"}}
[debug] [2023-12-26T03:19:51.407Z] [runtime-status] [27332] Checked functions.config() {"config":{}} {"metadata":{"emulator":{"name":"functions"},"function":{"name":"us-central1-api"},"extension":{},"message":"[runtime-status] [27332] Checked functions.config() {\"config\":{}}"}}
[debug] [2023-12-26T03:19:51.408Z] [runtime-status] [27332] firebase-functions has been stubbed. {"functionsResolution":{"declared":true,"installed":true,"version":"4.5.0","resolution":"C:\\Users\\17034\\Desktop\\Evangadi-Network\\Phase 4Amazon\\amazon-celon\\my-app\\functions\\node_modules\\firebase-functions\\lib\\v1\\index.js"}} {"metadata":{"emulator":{"name":"functions"},"function":{"name":"us-central1-api"},"extension":{},"message":"[runtime-status] [27332] firebase-functions has been stubbed. {\"functionsResolution\":{\"declared\":true,\"installed\":true,\"version\":\"4.5.0\",\"resolution\":\"C:\\\\Users\\\\17034\\\\Desktop\\\\Evangadi-Network\\\\Phase 4Amazon\\\\amazon-celon\\\\my-app\\\\functions\\\\node_modules\\\\firebase-functions\\\\lib\\\\v1\\\\index.js\"}}"}}
[debug] [2023-12-26T03:19:51.409Z] [runtime-status] [27332] Resolved module firebase-functions {"declared":true,"installed":true,"version":"4.5.0","resolution":"C:\\Users\\17034\\Desktop\\Evangadi-Network\\Phase 4Amazon\\amazon-celon\\my-app\\functions\\node_modules\\firebase-functions\\lib\\v1\\index.js"} {"metadata":{"emulator":{"name":"functions"},"function":{"name":"us-central1-api"},"extension":{},"message":"[runtime-status] [27332] Resolved module firebase-functions {\"declared\":true,\"installed\":true,\"version\":\"4.5.0\",\"resolution\":\"C:\\\\Users\\\\17034\\\\Desktop\\\\Evangadi-Network\\\\Phase 4Amazon\\\\amazon-celon\\\\my-app\\\\functions\\\\node_modules\\\\firebase-functions\\\\lib\\\\v1\\\\index.js\"}"}}
[debug] [2023-12-26T03:19:51.412Z] [runtime-status] [27332] Resolved module firebase-admin {"declared":true,"installed":true,"version":"12.0.0","resolution":"C:\\Users\\17034\\Desktop\\Evangadi-Network\\Phase 4Amazon\\amazon-celon\\my-app\\functions\\node_modules\\firebase-admin\\lib\\index.js"} {"metadata":{"emulator":{"name":"functions"},"function":{"name":"us-central1-api"},"extension":{},"message":"[runtime-status] [27332] Resolved module firebase-admin {\"declared\":true,\"installed\":true,\"version\":\"12.0.0\",\"resolution\":\"C:\\\\Users\\\\17034\\\\Desktop\\\\Evangadi-Network\\\\Phase 4Amazon\\\\amazon-celon\\\\my-app\\\\functions\\\\node_modules\\\\firebase-admin\\\\lib\\\\index.js\"}"}}
[debug] [2023-12-26T03:19:51.417Z] [runtime-status] [27332] Resolved module firebase-functions {"declared":true,"installed":true,"version":"4.5.0","resolution":"C:\\Users\\17034\\Desktop\\Evangadi-Network\\Phase 4Amazon\\amazon-celon\\my-app\\functions\\node_modules\\firebase-functions\\lib\\v1\\index.js"} {"metadata":{"emulator":{"name":"functions"},"function":{"name":"us-central1-api"},"extension":{},"message":"[runtime-status] [27332] Resolved module firebase-functions {\"declared\":true,\"installed\":true,\"version\":\"4.5.0\",\"resolution\":\"C:\\\\Users\\\\17034\\\\Desktop\\\\Evangadi-Network\\\\Phase 4Amazon\\\\amazon-celon\\\\my-app\\\\functions\\\\node_modules\\\\firebase-functions\\\\lib\\\\v1\\\\index.js\"}"}}
[debug] [2023-12-26T03:19:51.417Z] [runtime-status] [27332] firebase-admin has been stubbed. {"adminResolution":{"declared":true,"installed":true,"version":"12.0.0","resolution":"C:\\Users\\17034\\Desktop\\Evangadi-Network\\Phase 4Amazon\\amazon-celon\\my-app\\functions\\node_modules\\firebase-admin\\lib\\index.js"}} {"metadata":{"emulator":{"name":"functions"},"function":{"name":"us-central1-api"},"extension":{},"message":"[runtime-status] [27332] firebase-admin has been stubbed. {\"adminResolution\":{\"declared\":true,\"installed\":true,\"version\":\"12.0.0\",\"resolution\":\"C:\\\\Users\\\\17034\\\\Desktop\\\\Evangadi-Network\\\\Phase 4Amazon\\\\amazon-celon\\\\my-app\\\\functions\\\\node_modules\\\\firebase-admin\\\\lib\\\\index.js\"}}"}}
[debug] [2023-12-26T03:19:51.810Z] [runtime-status] [2740] Functions runtime initialized. {"cwd":"C:\\Users\\17034\\Desktop\\Evangadi-Network\\Phase 4Amazon\\amazon-celon\\my-app\\functions","node_version":"18.18.2"} {"metadata":{"emulator":{"name":"functions"},"function":{"name":"us-central1-api"},"extension":{},"message":"[runtime-status] [2740] Functions runtime initialized. {\"cwd\":\"C:\\\\Users\\\\17034\\\\Desktop\\\\Evangadi-Network\\\\Phase 4Amazon\\\\amazon-celon\\\\my-app\\\\functions\",\"node_version\":\"18.18.2\"}"}}
[debug] [2023-12-26T03:19:51.816Z] [runtime-status] [2740] Listening to port: \\?\pipe\fire_emu_45ef9bdb116c6105 {"metadata":{"emulator":{"name":"functions"},"function":{"name":"us-central1-api"},"extension":{},"message":"[runtime-status] [2740] Listening to port: \\\\?\\pipe\\fire_emu_45ef9bdb116c6105"}}
[debug] [2023-12-26T03:19:51.824Z] [worker-us-central1-api-953ac80d-d249-432e-ab97-836062099062]: IDLE {"metadata":{"emulator":{"name":"functions"},"function":{"name":"us-central1-api"},"extension":{},"message":"[worker-us-central1-api-953ac80d-d249-432e-ab97-836062099062]: IDLE"}}
[debug] [2023-12-26T03:19:51.825Z] [worker-pool] submitRequest(triggerId=us-central1-api) {"metadata":{"emulator":{"name":"functions"},"message":"[worker-pool] submitRequest(triggerId=us-central1-api)"}}
[info] i  functions: Beginning execution of "us-central1-api" {"metadata":{"emulator":{"name":"functions"},"function":{"name":"us-central1-api"},"extension":{},"message":"Beginning execution of \"us-central1-api\""}}
[debug] [2023-12-26T03:19:51.834Z] [worker-us-central1-api-953ac80d-d249-432e-ab97-836062099062]: BUSY {"metadata":{"emulator":{"name":"functions"},"function":{"name":"us-central1-api"},"extension":{},"message":"[worker-us-central1-api-953ac80d-d249-432e-ab97-836062099062]: BUSY"}}
[info] >  payment request recieved for this amount >>> 1696 {"user":"payment request recieved for this amount >>> 1696","metadata":{"emulator":{"name":"functions"},"function":{"name":"us-central1-api"},"extension":{},"message":"\u001b[90m> \u001b[39m payment request recieved for this amount >>> 1696"}}
[debug] [2023-12-26T03:19:52.168Z] [runtime-status] [27332] Functions runtime initialized. {"cwd":"C:\\Users\\17034\\Desktop\\Evangadi-Network\\Phase 4Amazon\\amazon-celon\\my-app\\functions","node_version":"18.18.2"} {"metadata":{"emulator":{"name":"functions"},"function":{"name":"us-central1-api"},"extension":{},"message":"[runtime-status] [27332] Functions runtime initialized. {\"cwd\":\"C:\\\\Users\\\\17034\\\\Desktop\\\\Evangadi-Network\\\\Phase 4Amazon\\\\amazon-celon\\\\my-app\\\\functions\",\"node_version\":\"18.18.2\"}"}}
[debug] [2023-12-26T03:19:52.169Z] [runtime-status] [27332] Listening to port: \\?\pipe\fire_emu_1381bc57ff30e26a {"metadata":{"emulator":{"name":"functions"},"function":{"name":"us-central1-api"},"extension":{},"message":"[runtime-status] [27332] Listening to port: \\\\?\\pipe\\fire_emu_1381bc57ff30e26a"}}
[debug] [2023-12-26T03:19:52.208Z] [worker-us-central1-api-e70b34d0-8992-4340-ab56-f397d13aafc9]: IDLE {"metadata":{"emulator":{"name":"functions"},"function":{"name":"us-central1-api"},"extension":{},"message":"[worker-us-central1-api-e70b34d0-8992-4340-ab56-f397d13aafc9]: IDLE"}}
[debug] [2023-12-26T03:19:52.209Z] [worker-pool] submitRequest(triggerId=us-central1-api) {"metadata":{"emulator":{"name":"functions"},"message":"[worker-pool] submitRequest(triggerId=us-central1-api)"}}
[info] i  functions: Beginning execution of "us-central1-api" {"metadata":{"emulator":{"name":"functions"},"function":{"name":"us-central1-api"},"extension":{},"message":"Beginning execution of \"us-central1-api\""}}
[debug] [2023-12-26T03:19:52.209Z] [worker-us-central1-api-e70b34d0-8992-4340-ab56-f397d13aafc9]: BUSY {"metadata":{"emulator":{"name":"functions"},"function":{"name":"us-central1-api"},"extension":{},"message":"[worker-us-central1-api-e70b34d0-8992-4340-ab56-f397d13aafc9]: BUSY"}}
[info] >  payment request recieved for this amount >>> 1696 {"user":"payment request recieved for this amount >>> 1696","metadata":{"emulator":{"name":"functions"},"function":{"name":"us-central1-api"},"extension":{},"message":"\u001b[90m> \u001b[39m payment request recieved for this amount >>> 1696"}}
[debug] [2023-12-26T03:19:52.626Z] Finishing up request with event=pause {"metadata":{"emulator":{"name":"functions"},"function":{"name":"us-central1-api"},"extension":{},"message":"Finishing up request with event=pause"}}
[info] i  functions: Finished "us-central1-api" in 791.4627ms {"metadata":{"emulator":{"name":"functions"},"function":{"name":"us-central1-api"},"extension":{},"message":"Finished \"us-central1-api\" in 791.4627ms"}}
[debug] [2023-12-26T03:19:52.629Z] [worker-us-central1-api-953ac80d-d249-432e-ab97-836062099062]: IDLE {"metadata":{"emulator":{"name":"functions"},"function":{"name":"us-central1-api"},"extension":{},"message":"[worker-us-central1-api-953ac80d-d249-432e-ab97-836062099062]: IDLE"}}
[debug] [2023-12-26T03:19:52.629Z] Finishing up request with event=finish {"metadata":{"emulator":{"name":"functions"},"function":{"name":"us-central1-api"},"extension":{},"message":"Finishing up request with event=finish"}}
[debug] [2023-12-26T03:19:52.630Z] Finishing up request with event=close {"metadata":{"emulator":{"name":"functions"},"function":{"name":"us-central1-api"},"extension":{},"message":"Finishing up request with event=close"}}
[debug] [2023-12-26T03:19:52.630Z] [work-queue] {"queuedWork":[],"queueLength":0,"runningWork":["/me-7fd6c/us-central1/api/payments/create-2023-12-26T03:19:46.034Z"],"workRunningCount":1}
[debug] [2023-12-26T03:19:52.668Z] Finishing up request with event=pause {"metadata":{"emulator":{"name":"functions"},"function":{"name":"us-central1-api"},"extension":{},"message":"Finishing up request with event=pause"}}
[info] i  functions: Finished "us-central1-api" in 458.6909ms {"metadata":{"emulator":{"name":"functions"},"function":{"name":"us-central1-api"},"extension":{},"message":"Finished \"us-central1-api\" in 458.6909ms"}}
[debug] [2023-12-26T03:19:52.683Z] [worker-us-central1-api-e70b34d0-8992-4340-ab56-f397d13aafc9]: IDLE {"metadata":{"emulator":{"name":"functions"},"function":{"name":"us-central1-api"},"extension":{},"message":"[worker-us-central1-api-e70b34d0-8992-4340-ab56-f397d13aafc9]: IDLE"}}
[debug] [2023-12-26T03:19:52.683Z] Finishing up request with event=finish {"metadata":{"emulator":{"name":"functions"},"function":{"name":"us-central1-api"},"extension":{},"message":"Finishing up request with event=finish"}}
[debug] [2023-12-26T03:19:52.683Z] Finishing up request with event=close {"metadata":{"emulator":{"name":"functions"},"function":{"name":"us-central1-api"},"extension":{},"message":"Finishing up request with event=close"}}
[debug] [2023-12-26T03:19:52.683Z] [work-queue] {"queuedWork":[],"queueLength":0,"runningWork":[],"workRunningCount":0}
[debug] [2023-12-26T03:20:44.220Z] [work-queue] {"queuedWork":["/me-7fd6c/us-central1/api/payments/create-2023-12-26T03:20:44.220Z"],"queueLength":1,"runningWork":[],"workRunningCount":0}
[debug] [2023-12-26T03:20:44.223Z] [work-queue] {"queuedWork":[],"queueLength":0,"runningWork":["/me-7fd6c/us-central1/api/payments/create-2023-12-26T03:20:44.220Z"],"workRunningCount":1}
[debug] [2023-12-26T03:20:44.223Z] Accepted request POST /me-7fd6c/us-central1/api/payments/create?total=14384 --> us-central1-api
[debug] [2023-12-26T03:20:44.232Z] [functions] Runtime ready! Sending request! {"metadata":{"emulator":{"name":"functions"},"message":"[functions] Runtime ready! Sending request!"}}
[debug] [2023-12-26T03:20:44.232Z] [functions] Got req.url=/me-7fd6c/us-central1/api/payments/create?total=14384, mapping to path=/payments/create?total=14384 {"metadata":{"emulator":{"name":"functions"},"message":"[functions] Got req.url=/me-7fd6c/us-central1/api/payments/create?total=14384, mapping to path=/payments/create?total=14384"}}
[debug] [2023-12-26T03:20:44.232Z] [worker-pool] submitRequest(triggerId=us-central1-api) {"metadata":{"emulator":{"name":"functions"},"message":"[worker-pool] submitRequest(triggerId=us-central1-api)"}}
[info] i  functions: Beginning execution of "us-central1-api" {"metadata":{"emulator":{"name":"functions"},"function":{"name":"us-central1-api"},"extension":{},"message":"Beginning execution of \"us-central1-api\""}}
[debug] [2023-12-26T03:20:44.233Z] [worker-us-central1-api-953ac80d-d249-432e-ab97-836062099062]: BUSY {"metadata":{"emulator":{"name":"functions"},"function":{"name":"us-central1-api"},"extension":{},"message":"[worker-us-central1-api-953ac80d-d249-432e-ab97-836062099062]: BUSY"}}
[debug] [2023-12-26T03:20:44.236Z] [work-queue] {"queuedWork":["/me-7fd6c/us-central1/api/payments/create-2023-12-26T03:20:44.236Z"],"queueLength":1,"runningWork":["/me-7fd6c/us-central1/api/payments/create-2023-12-26T03:20:44.220Z"],"workRunningCount":1}
[debug] [2023-12-26T03:20:44.236Z] [work-queue] {"queuedWork":[],"queueLength":0,"runningWork":["/me-7fd6c/us-central1/api/payments/create-2023-12-26T03:20:44.220Z","/me-7fd6c/us-central1/api/payments/create-2023-12-26T03:20:44.236Z"],"workRunningCount":2}
[debug] [2023-12-26T03:20:44.237Z] Accepted request POST /me-7fd6c/us-central1/api/payments/create?total=14384 --> us-central1-api
[debug] [2023-12-26T03:20:44.241Z] [functions] Runtime ready! Sending request! {"metadata":{"emulator":{"name":"functions"},"message":"[functions] Runtime ready! Sending request!"}}
[debug] [2023-12-26T03:20:44.242Z] [functions] Got req.url=/me-7fd6c/us-central1/api/payments/create?total=14384, mapping to path=/payments/create?total=14384 {"metadata":{"emulator":{"name":"functions"},"message":"[functions] Got req.url=/me-7fd6c/us-central1/api/payments/create?total=14384, mapping to path=/payments/create?total=14384"}}
[debug] [2023-12-26T03:20:44.242Z] [worker-pool] submitRequest(triggerId=us-central1-api) {"metadata":{"emulator":{"name":"functions"},"message":"[worker-pool] submitRequest(triggerId=us-central1-api)"}}
[info] i  functions: Beginning execution of "us-central1-api" {"metadata":{"emulator":{"name":"functions"},"function":{"name":"us-central1-api"},"extension":{},"message":"Beginning execution of \"us-central1-api\""}}
[debug] [2023-12-26T03:20:44.243Z] [worker-us-central1-api-e70b34d0-8992-4340-ab56-f397d13aafc9]: BUSY {"metadata":{"emulator":{"name":"functions"},"function":{"name":"us-central1-api"},"extension":{},"message":"[worker-us-central1-api-e70b34d0-8992-4340-ab56-f397d13aafc9]: BUSY"}}
[info] >  payment request recieved for this amount >>> 14384 {"user":"payment request recieved for this amount >>> 14384","metadata":{"emulator":{"name":"functions"},"function":{"name":"us-central1-api"},"extension":{},"message":"\u001b[90m> \u001b[39m payment request recieved for this amount >>> 14384"}}
[info] >  payment request recieved for this amount >>> 14384 {"user":"payment request recieved for this amount >>> 14384","metadata":{"emulator":{"name":"functions"},"function":{"name":"us-central1-api"},"extension":{},"message":"\u001b[90m> \u001b[39m payment request recieved for this amount >>> 14384"}}
[debug] [2023-12-26T03:20:44.485Z] Finishing up request with event=pause {"metadata":{"emulator":{"name":"functions"},"function":{"name":"us-central1-api"},"extension":{},"message":"Finishing up request with event=pause"}}
[info] i  functions: Finished "us-central1-api" in 251.9133ms {"metadata":{"emulator":{"name":"functions"},"function":{"name":"us-central1-api"},"extension":{},"message":"Finished \"us-central1-api\" in 251.9133ms"}}
[debug] [2023-12-26T03:20:44.486Z] [worker-us-central1-api-953ac80d-d249-432e-ab97-836062099062]: IDLE {"metadata":{"emulator":{"name":"functions"},"function":{"name":"us-central1-api"},"extension":{},"message":"[worker-us-central1-api-953ac80d-d249-432e-ab97-836062099062]: IDLE"}}
[debug] [2023-12-26T03:20:44.486Z] Finishing up request with event=finish {"metadata":{"emulator":{"name":"functions"},"function":{"name":"us-central1-api"},"extension":{},"message":"Finishing up request with event=finish"}}
[debug] [2023-12-26T03:20:44.487Z] Finishing up request with event=close {"metadata":{"emulator":{"name":"functions"},"function":{"name":"us-central1-api"},"extension":{},"message":"Finishing up request with event=close"}}
[debug] [2023-12-26T03:20:44.487Z] [work-queue] {"queuedWork":[],"queueLength":0,"runningWork":["/me-7fd6c/us-central1/api/payments/create-2023-12-26T03:20:44.236Z"],"workRunningCount":1}
[debug] [2023-12-26T03:20:44.505Z] Finishing up request with event=pause {"metadata":{"emulator":{"name":"functions"},"function":{"name":"us-central1-api"},"extension":{},"message":"Finishing up request with event=pause"}}
[info] i  functions: Finished "us-central1-api" in 262.4829ms {"metadata":{"emulator":{"name":"functions"},"function":{"name":"us-central1-api"},"extension":{},"message":"Finished \"us-central1-api\" in 262.4829ms"}}
[debug] [2023-12-26T03:20:44.506Z] [worker-us-central1-api-e70b34d0-8992-4340-ab56-f397d13aafc9]: IDLE {"metadata":{"emulator":{"name":"functions"},"function":{"name":"us-central1-api"},"extension":{},"message":"[worker-us-central1-api-e70b34d0-8992-4340-ab56-f397d13aafc9]: IDLE"}}
[debug] [2023-12-26T03:20:44.507Z] Finishing up request with event=finish {"metadata":{"emulator":{"name":"functions"},"function":{"name":"us-central1-api"},"extension":{},"message":"Finishing up request with event=finish"}}
[debug] [2023-12-26T03:20:44.507Z] Finishing up request with event=close {"metadata":{"emulator":{"name":"functions"},"function":{"name":"us-central1-api"},"extension":{},"message":"Finishing up request with event=close"}}
[debug] [2023-12-26T03:20:44.507Z] [work-queue] {"queuedWork":[],"queueLength":0,"runningWork":[],"workRunningCount":0}
[debug] [2023-12-26T03:34:04.647Z] [work-queue] {"queuedWork":["/me-7fd6c/us-central1/api/payments/create-2023-12-26T03:34:04.635Z"],"queueLength":1,"runningWork":[],"workRunningCount":0}
[debug] [2023-12-26T03:34:04.681Z] [work-queue] {"queuedWork":[],"queueLength":0,"runningWork":["/me-7fd6c/us-central1/api/payments/create-2023-12-26T03:34:04.635Z"],"workRunningCount":1}
[debug] [2023-12-26T03:34:04.685Z] Accepted request POST /me-7fd6c/us-central1/api/payments/create?total=1696 --> us-central1-api
[debug] [2023-12-26T03:34:04.828Z] [functions] Runtime ready! Sending request! {"metadata":{"emulator":{"name":"functions"},"message":"[functions] Runtime ready! Sending request!"}}
[debug] [2023-12-26T03:34:04.832Z] [functions] Got req.url=/me-7fd6c/us-central1/api/payments/create?total=1696, mapping to path=/payments/create?total=1696 {"metadata":{"emulator":{"name":"functions"},"message":"[functions] Got req.url=/me-7fd6c/us-central1/api/payments/create?total=1696, mapping to path=/payments/create?total=1696"}}
[debug] [2023-12-26T03:34:04.837Z] [worker-pool] submitRequest(triggerId=us-central1-api) {"metadata":{"emulator":{"name":"functions"},"message":"[worker-pool] submitRequest(triggerId=us-central1-api)"}}
[info] i  functions: Beginning execution of "us-central1-api" {"metadata":{"emulator":{"name":"functions"},"function":{"name":"us-central1-api"},"extension":{},"message":"Beginning execution of \"us-central1-api\""}}
[debug] [2023-12-26T03:34:04.859Z] [worker-us-central1-api-953ac80d-d249-432e-ab97-836062099062]: BUSY {"metadata":{"emulator":{"name":"functions"},"function":{"name":"us-central1-api"},"extension":{},"message":"[worker-us-central1-api-953ac80d-d249-432e-ab97-836062099062]: BUSY"}}
[debug] [2023-12-26T03:34:04.884Z] [work-queue] {"queuedWork":["/me-7fd6c/us-central1/api/payments/create-2023-12-26T03:34:04.884Z"],"queueLength":1,"runningWork":["/me-7fd6c/us-central1/api/payments/create-2023-12-26T03:34:04.635Z"],"workRunningCount":1}
[debug] [2023-12-26T03:34:04.884Z] [work-queue] {"queuedWork":[],"queueLength":0,"runningWork":["/me-7fd6c/us-central1/api/payments/create-2023-12-26T03:34:04.635Z","/me-7fd6c/us-central1/api/payments/create-2023-12-26T03:34:04.884Z"],"workRunningCount":2}
[debug] [2023-12-26T03:34:04.884Z] Accepted request POST /me-7fd6c/us-central1/api/payments/create?total=1696 --> us-central1-api
[debug] [2023-12-26T03:34:04.906Z] [functions] Runtime ready! Sending request! {"metadata":{"emulator":{"name":"functions"},"message":"[functions] Runtime ready! Sending request!"}}
[debug] [2023-12-26T03:34:04.909Z] [functions] Got req.url=/me-7fd6c/us-central1/api/payments/create?total=1696, mapping to path=/payments/create?total=1696 {"metadata":{"emulator":{"name":"functions"},"message":"[functions] Got req.url=/me-7fd6c/us-central1/api/payments/create?total=1696, mapping to path=/payments/create?total=1696"}}
[debug] [2023-12-26T03:34:04.910Z] [worker-pool] submitRequest(triggerId=us-central1-api) {"metadata":{"emulator":{"name":"functions"},"message":"[worker-pool] submitRequest(triggerId=us-central1-api)"}}
[info] i  functions: Beginning execution of "us-central1-api" {"metadata":{"emulator":{"name":"functions"},"function":{"name":"us-central1-api"},"extension":{},"message":"Beginning execution of \"us-central1-api\""}}
[debug] [2023-12-26T03:34:04.912Z] [worker-us-central1-api-e70b34d0-8992-4340-ab56-f397d13aafc9]: BUSY {"metadata":{"emulator":{"name":"functions"},"function":{"name":"us-central1-api"},"extension":{},"message":"[worker-us-central1-api-e70b34d0-8992-4340-ab56-f397d13aafc9]: BUSY"}}
[info] >  payment request recieved for this amount >>> 1696 {"user":"payment request recieved for this amount >>> 1696","metadata":{"emulator":{"name":"functions"},"function":{"name":"us-central1-api"},"extension":{},"message":"\u001b[90m> \u001b[39m payment request recieved for this amount >>> 1696"}}
[info] >  payment request recieved for this amount >>> 1696 {"user":"payment request recieved for this amount >>> 1696","metadata":{"emulator":{"name":"functions"},"function":{"name":"us-central1-api"},"extension":{},"message":"\u001b[90m> \u001b[39m payment request recieved for this amount >>> 1696"}}
[debug] [2023-12-26T03:34:05.902Z] Finishing up request with event=pause {"metadata":{"emulator":{"name":"functions"},"function":{"name":"us-central1-api"},"extension":{},"message":"Finishing up request with event=pause"}}
[info] i  functions: Finished "us-central1-api" in 1043.9527ms {"metadata":{"emulator":{"name":"functions"},"function":{"name":"us-central1-api"},"extension":{},"message":"Finished \"us-central1-api\" in 1043.9527ms"}}
[debug] [2023-12-26T03:34:05.903Z] [worker-us-central1-api-953ac80d-d249-432e-ab97-836062099062]: IDLE {"metadata":{"emulator":{"name":"functions"},"function":{"name":"us-central1-api"},"extension":{},"message":"[worker-us-central1-api-953ac80d-d249-432e-ab97-836062099062]: IDLE"}}
[debug] [2023-12-26T03:34:05.904Z] Finishing up request with event=finish {"metadata":{"emulator":{"name":"functions"},"function":{"name":"us-central1-api"},"extension":{},"message":"Finishing up request with event=finish"}}
[debug] [2023-12-26T03:34:05.905Z] Finishing up request with event=close {"metadata":{"emulator":{"name":"functions"},"function":{"name":"us-central1-api"},"extension":{},"message":"Finishing up request with event=close"}}
[debug] [2023-12-26T03:34:05.905Z] [work-queue] {"queuedWork":[],"queueLength":0,"runningWork":["/me-7fd6c/us-central1/api/payments/create-2023-12-26T03:34:04.884Z"],"workRunningCount":1}
[debug] [2023-12-26T03:34:06.015Z] Finishing up request with event=pause {"metadata":{"emulator":{"name":"functions"},"function":{"name":"us-central1-api"},"extension":{},"message":"Finishing up request with event=pause"}}
[info] i  functions: Finished "us-central1-api" in 1103.552ms {"metadata":{"emulator":{"name":"functions"},"function":{"name":"us-central1-api"},"extension":{},"message":"Finished \"us-central1-api\" in 1103.552ms"}}
[debug] [2023-12-26T03:34:06.016Z] [worker-us-central1-api-e70b34d0-8992-4340-ab56-f397d13aafc9]: IDLE {"metadata":{"emulator":{"name":"functions"},"function":{"name":"us-central1-api"},"extension":{},"message":"[worker-us-central1-api-e70b34d0-8992-4340-ab56-f397d13aafc9]: IDLE"}}
[debug] [2023-12-26T03:34:06.016Z] Finishing up request with event=finish {"metadata":{"emulator":{"name":"functions"},"function":{"name":"us-central1-api"},"extension":{},"message":"Finishing up request with event=finish"}}
[debug] [2023-12-26T03:34:06.016Z] Finishing up request with event=close {"metadata":{"emulator":{"name":"functions"},"function":{"name":"us-central1-api"},"extension":{},"message":"Finishing up request with event=close"}}
[debug] [2023-12-26T03:34:06.016Z] [work-queue] {"queuedWork":[],"queueLength":0,"runningWork":[],"workRunningCount":0}
